<?xml version="1.0" encoding="UTF-8"?>
<testng-results ignored="0" total="1" passed="1" failed="0" skipped="0">
  <reporter-output>
  </reporter-output>
  <suite started-at="2023-02-10T22:33:14 IST" name="Default suite" finished-at="2023-02-10T22:33:16 IST" duration-ms="2021">
    <groups>
    </groups>
    <test started-at="2023-02-10T22:33:14 IST" name="Default test" finished-at="2023-02-10T22:33:16 IST" duration-ms="2021">
      <class name="testNG.Test2">
        <test-method signature="TC2()[pri:0, instance:testNG.Test2@1613674b]" started-at="2023-02-10T22:33:14 IST" name="TC2" finished-at="2023-02-10T22:33:16 IST" duration-ms="1981" status="PASS">
          <reporter-output>
          </reporter-output>
        </test-method> <!-- TC2 -->
      </class> <!-- testNG.Test2 -->
    </test> <!-- Default test -->
  </suite> <!-- Default suite -->
</testng-results>
